[debug] [2024-12-12T16:13:58.898Z] ----------------------------------------------------------------------
[debug] [2024-12-12T16:13:58.901Z] Command:       C:\Program Files\nodejs\node.exe C:\Users\dwiwa\AppData\Roaming\npm\node_modules\firebase-tools\lib\bin\firebase.js init
[debug] [2024-12-12T16:13:58.902Z] CLI Version:   13.28.0
[debug] [2024-12-12T16:13:58.902Z] Platform:      win32
[debug] [2024-12-12T16:13:58.902Z] Node Version:  v22.11.0
[debug] [2024-12-12T16:13:58.902Z] Time:          Thu Dec 12 2024 23:13:58 GMT+0700 (Waktu Indonesia Barat)
[debug] [2024-12-12T16:13:58.902Z] ----------------------------------------------------------------------
[debug] 
[debug] [2024-12-12T16:13:58.909Z] > command requires scopes: ["email","openid","https://www.googleapis.com/auth/cloudplatformprojects.readonly","https://www.googleapis.com/auth/firebase","https://www.googleapis.com/auth/cloud-platform"]
[debug] [2024-12-12T16:13:58.910Z] > authorizing via signed-in user (bahrul070302@gmail.com)
[info] 
     ######## #### ########  ######## ########     ###     ######  ########
     ##        ##  ##     ## ##       ##     ##  ##   ##  ##       ##
     ######    ##  ########  ######   ########  #########  ######  ######
     ##        ##  ##    ##  ##       ##     ## ##     ##       ## ##
     ##       #### ##     ## ######## ########  ##     ##  ######  ########

You're about to initialize a Firebase project in this directory:

  D:\Program Files\Programs\OneDrive\Dokumen\BAHRUL\kuliah\Web Design\website-project

[info] 
=== Project Setup
[info] 
[info] First, let's associate this project directory with a Firebase project.
[info] You can create multiple project aliases by running firebase use --add, 
[info] but for now we'll just set up a default project.
[info] 
[debug] [2024-12-12T16:14:50.499Z] Checked if tokens are valid: false, expires at: 1730498739593
[debug] [2024-12-12T16:14:50.499Z] Checked if tokens are valid: false, expires at: 1730498739593
[debug] [2024-12-12T16:14:50.500Z] > refreshing access token with scopes: []
[debug] [2024-12-12T16:14:50.502Z] >>> [apiv2][query] POST https://www.googleapis.com/oauth2/v3/token [none]
[debug] [2024-12-12T16:14:50.502Z] >>> [apiv2][body] POST https://www.googleapis.com/oauth2/v3/token [omitted]
[debug] [2024-12-12T16:14:50.738Z] <<< [apiv2][status] POST https://www.googleapis.com/oauth2/v3/token 400
[debug] [2024-12-12T16:14:50.739Z] <<< [apiv2][body] POST https://www.googleapis.com/oauth2/v3/token [omitted]
[debug] [2024-12-12T16:14:50.739Z] >>> [apiv2][query] GET https://firebase.googleapis.com/v1beta1/projects pageSize=100
[debug] [2024-12-12T16:14:51.091Z] <<< [apiv2][status] GET https://firebase.googleapis.com/v1beta1/projects 401
[debug] [2024-12-12T16:14:51.091Z] <<< [apiv2][body] GET https://firebase.googleapis.com/v1beta1/projects [omitted]
[debug] [2024-12-12T16:14:51.091Z] Got a 401 Unauthenticated error for a call that required authentication. Refreshing tokens.
[debug] [2024-12-12T16:14:51.091Z] Checked if tokens are valid: false, expires at: 1730498739593
[debug] [2024-12-12T16:14:51.091Z] Checked if tokens are valid: false, expires at: 1730498739593
[debug] [2024-12-12T16:14:51.091Z] > refreshing access token with scopes: []
[debug] [2024-12-12T16:14:51.091Z] >>> [apiv2][query] POST https://www.googleapis.com/oauth2/v3/token [none]
[debug] [2024-12-12T16:14:51.091Z] >>> [apiv2][body] POST https://www.googleapis.com/oauth2/v3/token [omitted]
[debug] [2024-12-12T16:14:51.139Z] <<< [apiv2][status] POST https://www.googleapis.com/oauth2/v3/token 400
[debug] [2024-12-12T16:14:51.139Z] <<< [apiv2][body] POST https://www.googleapis.com/oauth2/v3/token [omitted]
[debug] [2024-12-12T16:14:51.140Z] Request to https://firebase.googleapis.com/v1beta1/projects?pageSize=100 had HTTP Error: 401, Request had invalid authentication credentials. Expected OAuth 2 access token, login cookie or other valid authentication credential. See https://developers.google.com/identity/sign-in/web/devconsole-project.
[debug] [2024-12-12T16:14:51.265Z] FirebaseError: Request to https://firebase.googleapis.com/v1beta1/projects?pageSize=100 had HTTP Error: 401, Request had invalid authentication credentials. Expected OAuth 2 access token, login cookie or other valid authentication credential. See https://developers.google.com/identity/sign-in/web/devconsole-project.
    at responseToError (C:\Users\dwiwa\AppData\Roaming\npm\node_modules\firebase-tools\lib\responseToError.js:52:12)
    at RetryOperation._fn (C:\Users\dwiwa\AppData\Roaming\npm\node_modules\firebase-tools\lib\apiv2.js:312:77)
    at process.processTicksAndRejections (node:internal/process/task_queues:105:5)
[error] 
[error] Error: Failed to list Firebase projects. See firebase-debug.log for more info.
